app/build/intermediates/manifest_merge_blame_file/debug/manifest-merger-blame-debug-report.txt
1<?xml version="1.0" encoding="utf-8"?>
2<manifest xmlns:android="http://schemas.android.com/apk/res/android"
3    package="com.example.multiplerestaurantsstaffapp"
4    android:versionCode="1"
5    android:versionName="1.0" >
6
7    <uses-sdk
8        android:minSdkVersion="16"
8-->src/main/AndroidManifest.xml
9        android:targetSdkVersion="30" />
9-->src/main/AndroidManifest.xml
10
11    <uses-permission android:name="android.permission.ACCESS_FINE_LOCATION" />
11-->src/main/AndroidManifest.xml:5:5-79
11-->src/main/AndroidManifest.xml:5:22-76
12    <uses-permission android:name="android.permission.ACCESS_COARSE_LOCATION" />
12-->src/main/AndroidManifest.xml:6:5-81
12-->src/main/AndroidManifest.xml:6:22-78
13    <uses-permission android:name="android.permission.ACCESS_NETWORK_STATE" />
13-->[com.firebaseui:firebase-ui-auth:6.2.1] AndroidManifest.xml:12:5-79
13-->[com.firebaseui:firebase-ui-auth:6.2.1] AndroidManifest.xml:12:22-76
14    <uses-permission android:name="android.permission.INTERNET" />
14-->[com.firebaseui:firebase-ui-auth:6.2.1] AndroidManifest.xml:13:5-67
14-->[com.firebaseui:firebase-ui-auth:6.2.1] AndroidManifest.xml:13:22-64
15    <uses-permission android:name="android.permission.WAKE_LOCK" />
15-->[com.google.android.gms:play-services-measurement:18.0.0] AndroidManifest.xml:25:5-68
15-->[com.google.android.gms:play-services-measurement:18.0.0] AndroidManifest.xml:25:22-65
16    <uses-permission android:name="com.google.android.finsky.permission.BIND_GET_INSTALL_REFERRER_SERVICE" />
16-->[com.google.android.gms:play-services-measurement:18.0.0] AndroidManifest.xml:26:5-110
16-->[com.google.android.gms:play-services-measurement:18.0.0] AndroidManifest.xml:26:22-107
17
18    <application
18-->src/main/AndroidManifest.xml:8:5-29:19
19        android:name="androidx.multidex.MultiDexApplication"
20        android:allowBackup="true"
20-->src/main/AndroidManifest.xml:9:9-35
21        android:appComponentFactory="androidx.core.app.CoreComponentFactory"
21-->[androidx.core:core:1.3.1] AndroidManifest.xml:24:18-86
22        android:debuggable="true"
23        android:icon="@mipmap/ic_launcher"
23-->src/main/AndroidManifest.xml:10:9-43
24        android:label="@string/app_name"
24-->src/main/AndroidManifest.xml:11:9-41
25        android:roundIcon="@mipmap/ic_launcher_round"
25-->src/main/AndroidManifest.xml:12:9-54
26        android:supportsRtl="true"
26-->src/main/AndroidManifest.xml:13:9-35
27        android:testOnly="true"
28        android:theme="@style/Theme.MultipleRestaurantsStaffApp"
28-->src/main/AndroidManifest.xml:15:9-65
29        android:usesCleartextTraffic="true" >
29-->src/main/AndroidManifest.xml:14:9-44
30        <activity
30-->src/main/AndroidManifest.xml:16:9-19:93
31            android:name="com.example.multiplerestaurantsstaffapp.HomeActivity"
31-->src/main/AndroidManifest.xml:17:13-41
32            android:label="@string/title_activity_home"
32-->src/main/AndroidManifest.xml:18:13-56
33            android:theme="@style/Theme.MultipleRestaurantsStaffApp.NoActionBar" />
33-->src/main/AndroidManifest.xml:19:13-81
34        <activity
34-->src/main/AndroidManifest.xml:20:9-21:83
35            android:name="com.example.multiplerestaurantsstaffapp.StartActivity"
35-->src/main/AndroidManifest.xml:20:19-48
36            android:theme="@style/Theme.MultipleRestaurantsStaffApp.NoActionBar" />
36-->src/main/AndroidManifest.xml:21:13-81
37        <activity android:name="com.example.multiplerestaurantsstaffapp.EnterIPAddress" >
37-->src/main/AndroidManifest.xml:22:9-28:20
37-->src/main/AndroidManifest.xml:22:19-49
38            <intent-filter>
38-->src/main/AndroidManifest.xml:23:13-27:29
39                <action android:name="android.intent.action.MAIN" />
39-->src/main/AndroidManifest.xml:24:17-69
39-->src/main/AndroidManifest.xml:24:25-66
40
41                <category android:name="android.intent.category.LAUNCHER" />
41-->src/main/AndroidManifest.xml:26:17-77
41-->src/main/AndroidManifest.xml:26:27-74
42            </intent-filter>
43        </activity>
44
45        <meta-data
45-->[com.firebaseui:firebase-ui-auth:6.2.1] AndroidManifest.xml:16:9-18:69
46            android:name="com.google.android.gms.version"
46-->[com.firebaseui:firebase-ui-auth:6.2.1] AndroidManifest.xml:17:13-58
47            android:value="@integer/google_play_services_version" />
47-->[com.firebaseui:firebase-ui-auth:6.2.1] AndroidManifest.xml:18:13-66
48        <meta-data
48-->[com.firebaseui:firebase-ui-auth:6.2.1] AndroidManifest.xml:19:9-21:63
49            android:name="com.facebook.sdk.ApplicationId"
49-->[com.firebaseui:firebase-ui-auth:6.2.1] AndroidManifest.xml:20:13-58
50            android:value="@string/facebook_application_id" />
50-->[com.firebaseui:firebase-ui-auth:6.2.1] AndroidManifest.xml:21:13-60
51
52        <activity
52-->[com.firebaseui:firebase-ui-auth:6.2.1] AndroidManifest.xml:23:9-27:61
53            android:name="com.firebase.ui.auth.KickoffActivity"
53-->[com.firebaseui:firebase-ui-auth:6.2.1] AndroidManifest.xml:24:13-64
54            android:exported="false"
54-->[com.firebaseui:firebase-ui-auth:6.2.1] AndroidManifest.xml:25:13-37
55            android:label=""
55-->[com.firebaseui:firebase-ui-auth:6.2.1] AndroidManifest.xml:26:13-29
56            android:theme="@style/FirebaseUI.Transparent" />
56-->[com.firebaseui:firebase-ui-auth:6.2.1] AndroidManifest.xml:27:13-58
57        <activity
57-->[com.firebaseui:firebase-ui-auth:6.2.1] AndroidManifest.xml:28:9-32:61
58            android:name="com.firebase.ui.auth.ui.idp.SingleSignInActivity"
58-->[com.firebaseui:firebase-ui-auth:6.2.1] AndroidManifest.xml:29:13-76
59            android:exported="false"
59-->[com.firebaseui:firebase-ui-auth:6.2.1] AndroidManifest.xml:30:13-37
60            android:label=""
60-->[com.firebaseui:firebase-ui-auth:6.2.1] AndroidManifest.xml:31:13-29
61            android:theme="@style/FirebaseUI.Transparent" />
61-->[com.firebaseui:firebase-ui-auth:6.2.1] AndroidManifest.xml:32:13-58
62        <activity
62-->[com.firebaseui:firebase-ui-auth:6.2.1] AndroidManifest.xml:33:9-37:61
63            android:name="com.firebase.ui.auth.ui.credentials.CredentialSaveActivity"
63-->[com.firebaseui:firebase-ui-auth:6.2.1] AndroidManifest.xml:34:13-86
64            android:exported="false"
64-->[com.firebaseui:firebase-ui-auth:6.2.1] AndroidManifest.xml:35:13-37
65            android:label=""
65-->[com.firebaseui:firebase-ui-auth:6.2.1] AndroidManifest.xml:36:13-29
66            android:theme="@style/FirebaseUI.Transparent" />
66-->[com.firebaseui:firebase-ui-auth:6.2.1] AndroidManifest.xml:37:13-58
67        <activity
67-->[com.firebaseui:firebase-ui-auth:6.2.1] AndroidManifest.xml:38:9-42:58
68            android:name="com.firebase.ui.auth.ui.email.RecoverPasswordActivity"
68-->[com.firebaseui:firebase-ui-auth:6.2.1] AndroidManifest.xml:39:13-81
69            android:exported="false"
69-->[com.firebaseui:firebase-ui-auth:6.2.1] AndroidManifest.xml:40:13-37
70            android:label="@string/fui_title_recover_password_activity"
70-->[com.firebaseui:firebase-ui-auth:6.2.1] AndroidManifest.xml:41:13-72
71            android:windowSoftInputMode="adjustResize" />
71-->[com.firebaseui:firebase-ui-auth:6.2.1] AndroidManifest.xml:42:13-55
72        <activity
72-->[com.firebaseui:firebase-ui-auth:6.2.1] AndroidManifest.xml:43:9-47:58
73            android:name="com.firebase.ui.auth.ui.email.EmailActivity"
73-->[com.firebaseui:firebase-ui-auth:6.2.1] AndroidManifest.xml:44:13-71
74            android:exported="false"
74-->[com.firebaseui:firebase-ui-auth:6.2.1] AndroidManifest.xml:45:13-37
75            android:label="@string/fui_sign_in_default"
75-->[com.firebaseui:firebase-ui-auth:6.2.1] AndroidManifest.xml:46:13-56
76            android:windowSoftInputMode="adjustResize" />
76-->[com.firebaseui:firebase-ui-auth:6.2.1] AndroidManifest.xml:47:13-55
77        <activity
77-->[com.firebaseui:firebase-ui-auth:6.2.1] AndroidManifest.xml:48:9-52:77
78            android:name="com.firebase.ui.auth.ui.phone.PhoneActivity"
78-->[com.firebaseui:firebase-ui-auth:6.2.1] AndroidManifest.xml:49:13-71
79            android:exported="false"
79-->[com.firebaseui:firebase-ui-auth:6.2.1] AndroidManifest.xml:50:13-37
80            android:label="@string/fui_sign_in_with_phone_number"
80-->[com.firebaseui:firebase-ui-auth:6.2.1] AndroidManifest.xml:51:13-66
81            android:windowSoftInputMode="adjustResize|stateAlwaysVisible" />
81-->[com.firebaseui:firebase-ui-auth:6.2.1] AndroidManifest.xml:52:13-74
82        <activity
82-->[com.firebaseui:firebase-ui-auth:6.2.1] AndroidManifest.xml:53:9-57:58
83            android:name="com.firebase.ui.auth.ui.idp.WelcomeBackIdpPrompt"
83-->[com.firebaseui:firebase-ui-auth:6.2.1] AndroidManifest.xml:54:13-76
84            android:exported="false"
84-->[com.firebaseui:firebase-ui-auth:6.2.1] AndroidManifest.xml:55:13-37
85            android:label="@string/fui_title_welcome_back_idp_prompt"
85-->[com.firebaseui:firebase-ui-auth:6.2.1] AndroidManifest.xml:56:13-70
86            android:windowSoftInputMode="adjustResize" />
86-->[com.firebaseui:firebase-ui-auth:6.2.1] AndroidManifest.xml:57:13-55
87        <activity
87-->[com.firebaseui:firebase-ui-auth:6.2.1] AndroidManifest.xml:58:9-62:58
88            android:name="com.firebase.ui.auth.ui.email.WelcomeBackPasswordPrompt"
88-->[com.firebaseui:firebase-ui-auth:6.2.1] AndroidManifest.xml:59:13-83
89            android:exported="false"
89-->[com.firebaseui:firebase-ui-auth:6.2.1] AndroidManifest.xml:60:13-37
90            android:label="@string/fui_title_welcome_back_password_prompt"
90-->[com.firebaseui:firebase-ui-auth:6.2.1] AndroidManifest.xml:61:13-75
91            android:windowSoftInputMode="adjustResize" />
91-->[com.firebaseui:firebase-ui-auth:6.2.1] AndroidManifest.xml:62:13-55
92        <activity
92-->[com.firebaseui:firebase-ui-auth:6.2.1] AndroidManifest.xml:63:9-67:58
93            android:name="com.firebase.ui.auth.ui.email.WelcomeBackEmailLinkPrompt"
93-->[com.firebaseui:firebase-ui-auth:6.2.1] AndroidManifest.xml:64:13-84
94            android:exported="false"
94-->[com.firebaseui:firebase-ui-auth:6.2.1] AndroidManifest.xml:65:13-37
95            android:label="@string/fui_title_welcome_back_password_prompt"
95-->[com.firebaseui:firebase-ui-auth:6.2.1] AndroidManifest.xml:66:13-75
96            android:windowSoftInputMode="adjustResize" />
96-->[com.firebaseui:firebase-ui-auth:6.2.1] AndroidManifest.xml:67:13-55
97        <activity
97-->[com.firebaseui:firebase-ui-auth:6.2.1] AndroidManifest.xml:68:9-73:58
98            android:name="com.firebase.ui.auth.ui.email.EmailLinkCatcherActivity"
98-->[com.firebaseui:firebase-ui-auth:6.2.1] AndroidManifest.xml:69:13-82
99            android:exported="false"
99-->[com.firebaseui:firebase-ui-auth:6.2.1] AndroidManifest.xml:70:13-37
100            android:label=""
100-->[com.firebaseui:firebase-ui-auth:6.2.1] AndroidManifest.xml:71:13-29
101            android:theme="@style/FirebaseUI.Transparent"
101-->[com.firebaseui:firebase-ui-auth:6.2.1] AndroidManifest.xml:72:13-58
102            android:windowSoftInputMode="adjustResize" />
102-->[com.firebaseui:firebase-ui-auth:6.2.1] AndroidManifest.xml:73:13-55
103        <activity
103-->[com.firebaseui:firebase-ui-auth:6.2.1] AndroidManifest.xml:74:9-78:58
104            android:name="com.firebase.ui.auth.ui.email.EmailLinkErrorRecoveryActivity"
104-->[com.firebaseui:firebase-ui-auth:6.2.1] AndroidManifest.xml:75:13-88
105            android:exported="false"
105-->[com.firebaseui:firebase-ui-auth:6.2.1] AndroidManifest.xml:76:13-37
106            android:label="@string/fui_sign_in_default"
106-->[com.firebaseui:firebase-ui-auth:6.2.1] AndroidManifest.xml:77:13-56
107            android:windowSoftInputMode="adjustResize" />
107-->[com.firebaseui:firebase-ui-auth:6.2.1] AndroidManifest.xml:78:13-55
108        <activity
108-->[com.firebaseui:firebase-ui-auth:6.2.1] AndroidManifest.xml:79:9-82:65
109            android:name="com.firebase.ui.auth.ui.idp.AuthMethodPickerActivity"
109-->[com.firebaseui:firebase-ui-auth:6.2.1] AndroidManifest.xml:80:13-80
110            android:exported="false"
110-->[com.firebaseui:firebase-ui-auth:6.2.1] AndroidManifest.xml:81:13-37
111            android:label="@string/fui_default_toolbar_title" />
111-->[com.firebaseui:firebase-ui-auth:6.2.1] AndroidManifest.xml:82:13-62
112        <activity
112-->[com.firebaseui:firebase-ui-auth:6.2.1] AndroidManifest.xml:83:9-87:48
113            android:name="com.facebook.FacebookActivity"
113-->[com.firebaseui:firebase-ui-auth:6.2.1] AndroidManifest.xml:84:13-57
114            android:configChanges="keyboard|keyboardHidden|screenLayout|screenSize|orientation"
114-->[com.firebaseui:firebase-ui-auth:6.2.1] AndroidManifest.xml:85:13-96
115            android:label="@string/app_name" />
115-->[com.firebaseui:firebase-ui-auth:6.2.1] AndroidManifest.xml:86:13-45
116        <activity
116-->[com.firebaseui:firebase-ui-auth:6.2.1] AndroidManifest.xml:88:9-100:20
117            android:name="com.facebook.CustomTabActivity"
117-->[com.firebaseui:firebase-ui-auth:6.2.1] AndroidManifest.xml:89:13-58
118            android:exported="true" >
118-->[com.firebaseui:firebase-ui-auth:6.2.1] AndroidManifest.xml:90:13-36
119            <intent-filter>
119-->[com.firebaseui:firebase-ui-auth:6.2.1] AndroidManifest.xml:92:13-99:29
120                <action android:name="android.intent.action.VIEW" />
120-->[com.firebaseui:firebase-ui-auth:6.2.1] AndroidManifest.xml:93:17-69
120-->[com.firebaseui:firebase-ui-auth:6.2.1] AndroidManifest.xml:93:25-66
121
122                <category android:name="android.intent.category.DEFAULT" />
122-->[com.firebaseui:firebase-ui-auth:6.2.1] AndroidManifest.xml:95:17-76
122-->[com.firebaseui:firebase-ui-auth:6.2.1] AndroidManifest.xml:95:27-73
123                <category android:name="android.intent.category.BROWSABLE" />
123-->[com.firebaseui:firebase-ui-auth:6.2.1] AndroidManifest.xml:96:17-78
123-->[com.firebaseui:firebase-ui-auth:6.2.1] AndroidManifest.xml:96:27-75
124
125                <data android:scheme="@string/facebook_login_protocol_scheme" />
125-->[com.firebaseui:firebase-ui-auth:6.2.1] AndroidManifest.xml:98:17-81
125-->[com.firebaseui:firebase-ui-auth:6.2.1] AndroidManifest.xml:98:23-78
126            </intent-filter>
127        </activity>
128
129        <provider
129-->[com.firebaseui:firebase-ui-auth:6.2.1] AndroidManifest.xml:102:9-106:38
130            android:name="com.firebase.ui.auth.data.client.AuthUiInitProvider"
130-->[com.firebaseui:firebase-ui-auth:6.2.1] AndroidManifest.xml:103:13-79
131            android:authorities="com.example.multiplerestaurantsstaffapp.authuiinitprovider"
131-->[com.firebaseui:firebase-ui-auth:6.2.1] AndroidManifest.xml:104:13-70
132            android:exported="false"
132-->[com.firebaseui:firebase-ui-auth:6.2.1] AndroidManifest.xml:105:13-37
133            android:initOrder="90" />
133-->[com.firebaseui:firebase-ui-auth:6.2.1] AndroidManifest.xml:106:13-35
134
135        <activity
135-->[com.karumi:dexter:6.1.0] AndroidManifest.xml:27:9-29:72
136            android:name="com.karumi.dexter.DexterActivity"
136-->[com.karumi:dexter:6.1.0] AndroidManifest.xml:28:13-60
137            android:theme="@style/Dexter.Internal.Theme.Transparent" />
137-->[com.karumi:dexter:6.1.0] AndroidManifest.xml:29:13-69
138        <activity
138-->[com.google.firebase:firebase-auth:20.0.1] AndroidManifest.xml:27:9-44:20
139            android:name="com.google.firebase.auth.internal.GenericIdpActivity"
139-->[com.google.firebase:firebase-auth:20.0.1] AndroidManifest.xml:28:13-80
140            android:excludeFromRecents="true"
140-->[com.google.firebase:firebase-auth:20.0.1] AndroidManifest.xml:29:13-46
141            android:exported="true"
141-->[com.google.firebase:firebase-auth:20.0.1] AndroidManifest.xml:30:13-36
142            android:launchMode="singleTask"
142-->[com.google.firebase:firebase-auth:20.0.1] AndroidManifest.xml:31:13-44
143            android:theme="@android:style/Theme.Translucent.NoTitleBar" >
143-->[com.google.firebase:firebase-auth:20.0.1] AndroidManifest.xml:32:13-72
144            <intent-filter>
144-->[com.google.firebase:firebase-auth:20.0.1] AndroidManifest.xml:33:13-43:29
145                <action android:name="android.intent.action.VIEW" />
145-->[com.firebaseui:firebase-ui-auth:6.2.1] AndroidManifest.xml:93:17-69
145-->[com.firebaseui:firebase-ui-auth:6.2.1] AndroidManifest.xml:93:25-66
146
147                <category android:name="android.intent.category.DEFAULT" />
147-->[com.firebaseui:firebase-ui-auth:6.2.1] AndroidManifest.xml:95:17-76
147-->[com.firebaseui:firebase-ui-auth:6.2.1] AndroidManifest.xml:95:27-73
148                <category android:name="android.intent.category.BROWSABLE" />
148-->[com.firebaseui:firebase-ui-auth:6.2.1] AndroidManifest.xml:96:17-78
148-->[com.firebaseui:firebase-ui-auth:6.2.1] AndroidManifest.xml:96:27-75
149
150                <data
150-->[com.firebaseui:firebase-ui-auth:6.2.1] AndroidManifest.xml:98:17-81
151                    android:host="firebase.auth"
152                    android:path="/"
153                    android:scheme="genericidp" />
153-->[com.firebaseui:firebase-ui-auth:6.2.1] AndroidManifest.xml:98:23-78
154            </intent-filter>
155        </activity>
156        <activity
156-->[com.google.firebase:firebase-auth:20.0.1] AndroidManifest.xml:45:9-62:20
157            android:name="com.google.firebase.auth.internal.RecaptchaActivity"
157-->[com.google.firebase:firebase-auth:20.0.1] AndroidManifest.xml:46:13-79
158            android:excludeFromRecents="true"
158-->[com.google.firebase:firebase-auth:20.0.1] AndroidManifest.xml:47:13-46
159            android:exported="true"
159-->[com.google.firebase:firebase-auth:20.0.1] AndroidManifest.xml:48:13-36
160            android:launchMode="singleTask"
160-->[com.google.firebase:firebase-auth:20.0.1] AndroidManifest.xml:49:13-44
161            android:theme="@android:style/Theme.Translucent.NoTitleBar" >
161-->[com.google.firebase:firebase-auth:20.0.1] AndroidManifest.xml:50:13-72
162            <intent-filter>
162-->[com.google.firebase:firebase-auth:20.0.1] AndroidManifest.xml:51:13-61:29
163                <action android:name="android.intent.action.VIEW" />
163-->[com.firebaseui:firebase-ui-auth:6.2.1] AndroidManifest.xml:93:17-69
163-->[com.firebaseui:firebase-ui-auth:6.2.1] AndroidManifest.xml:93:25-66
164
165                <category android:name="android.intent.category.DEFAULT" />
165-->[com.firebaseui:firebase-ui-auth:6.2.1] AndroidManifest.xml:95:17-76
165-->[com.firebaseui:firebase-ui-auth:6.2.1] AndroidManifest.xml:95:27-73
166                <category android:name="android.intent.category.BROWSABLE" />
166-->[com.firebaseui:firebase-ui-auth:6.2.1] AndroidManifest.xml:96:17-78
166-->[com.firebaseui:firebase-ui-auth:6.2.1] AndroidManifest.xml:96:27-75
167
168                <data
168-->[com.firebaseui:firebase-ui-auth:6.2.1] AndroidManifest.xml:98:17-81
169                    android:host="firebase.auth"
170                    android:path="/"
171                    android:scheme="recaptcha" />
171-->[com.firebaseui:firebase-ui-auth:6.2.1] AndroidManifest.xml:98:23-78
172            </intent-filter>
173        </activity>
174
175        <service
175-->[com.google.firebase:firebase-auth:20.0.1] AndroidManifest.xml:64:9-73:19
176            android:name="com.google.firebase.auth.api.fallback.service.FirebaseAuthFallbackService"
176-->[com.google.firebase:firebase-auth:20.0.1] AndroidManifest.xml:65:13-101
177            android:enabled="true"
177-->[com.google.firebase:firebase-auth:20.0.1] AndroidManifest.xml:66:13-35
178            android:exported="false" >
178-->[com.google.firebase:firebase-auth:20.0.1] AndroidManifest.xml:67:13-37
179            <intent-filter>
179-->[com.google.firebase:firebase-auth:20.0.1] AndroidManifest.xml:68:13-72:29
180                <action android:name="com.google.firebase.auth.api.gms.service.START" />
180-->[com.google.firebase:firebase-auth:20.0.1] AndroidManifest.xml:69:17-89
180-->[com.google.firebase:firebase-auth:20.0.1] AndroidManifest.xml:69:25-86
181
182                <category android:name="android.intent.category.DEFAULT" />
182-->[com.firebaseui:firebase-ui-auth:6.2.1] AndroidManifest.xml:95:17-76
182-->[com.firebaseui:firebase-ui-auth:6.2.1] AndroidManifest.xml:95:27-73
183            </intent-filter>
184        </service>
185        <service
185-->[com.google.firebase:firebase-auth:20.0.1] AndroidManifest.xml:74:9-80:19
186            android:name="com.google.firebase.components.ComponentDiscoveryService"
186-->[com.google.firebase:firebase-auth:20.0.1] AndroidManifest.xml:75:13-84
187            android:directBootAware="true"
187-->[com.google.firebase:firebase-common:19.4.0] AndroidManifest.xml:35:13-43
188            android:exported="false" >
188-->[com.google.firebase:firebase-auth:20.0.1] AndroidManifest.xml:76:13-37
189            <meta-data
189-->[com.google.firebase:firebase-auth:20.0.1] AndroidManifest.xml:77:13-79:85
190                android:name="com.google.firebase.components:com.google.firebase.auth.FirebaseAuthRegistrar"
190-->[com.google.firebase:firebase-auth:20.0.1] AndroidManifest.xml:78:17-109
191                android:value="com.google.firebase.components.ComponentRegistrar" />
191-->[com.google.firebase:firebase-auth:20.0.1] AndroidManifest.xml:79:17-82
192            <meta-data
192-->[com.google.android.gms:play-services-measurement-api:18.0.0] AndroidManifest.xml:30:13-32:85
193                android:name="com.google.firebase.components:com.google.firebase.analytics.connector.internal.AnalyticsConnectorRegistrar"
193-->[com.google.android.gms:play-services-measurement-api:18.0.0] AndroidManifest.xml:31:17-139
194                android:value="com.google.firebase.components.ComponentRegistrar" />
194-->[com.google.android.gms:play-services-measurement-api:18.0.0] AndroidManifest.xml:32:17-82
195            <meta-data
195-->[com.google.firebase:firebase-installations:16.3.2] AndroidManifest.xml:17:13-19:85
196                android:name="com.google.firebase.components:com.google.firebase.installations.FirebaseInstallationsRegistrar"
196-->[com.google.firebase:firebase-installations:16.3.2] AndroidManifest.xml:18:17-127
197                android:value="com.google.firebase.components.ComponentRegistrar" />
197-->[com.google.firebase:firebase-installations:16.3.2] AndroidManifest.xml:19:17-82
198        </service>
199
200        <provider
200-->[com.squareup.picasso:picasso:2.71828] AndroidManifest.xml:8:9-11:40
201            android:name="com.squareup.picasso.PicassoProvider"
201-->[com.squareup.picasso:picasso:2.71828] AndroidManifest.xml:9:13-64
202            android:authorities="com.example.multiplerestaurantsstaffapp.com.squareup.picasso"
202-->[com.squareup.picasso:picasso:2.71828] AndroidManifest.xml:10:13-72
203            android:exported="false" />
203-->[com.squareup.picasso:picasso:2.71828] AndroidManifest.xml:11:13-37
204
205        <activity
205-->[com.google.android.gms:play-services-auth:17.0.0] AndroidManifest.xml:23:9-27:75
206            android:name="com.google.android.gms.auth.api.signin.internal.SignInHubActivity"
206-->[com.google.android.gms:play-services-auth:17.0.0] AndroidManifest.xml:24:13-93
207            android:excludeFromRecents="true"
207-->[com.google.android.gms:play-services-auth:17.0.0] AndroidManifest.xml:25:13-46
208            android:exported="false"
208-->[com.google.android.gms:play-services-auth:17.0.0] AndroidManifest.xml:26:13-37
209            android:theme="@android:style/Theme.Translucent.NoTitleBar" />
209-->[com.google.android.gms:play-services-auth:17.0.0] AndroidManifest.xml:27:13-72
210        <!--
211            Service handling Google Sign-In user revocation. For apps that do not integrate with
212            Google Sign-In, this service will never be started.
213        -->
214        <service
214-->[com.google.android.gms:play-services-auth:17.0.0] AndroidManifest.xml:33:9-36:110
215            android:name="com.google.android.gms.auth.api.signin.RevocationBoundService"
215-->[com.google.android.gms:play-services-auth:17.0.0] AndroidManifest.xml:34:13-89
216            android:exported="true"
216-->[com.google.android.gms:play-services-auth:17.0.0] AndroidManifest.xml:35:13-36
217            android:permission="com.google.android.gms.auth.api.signin.permission.REVOCATION_NOTIFICATION" />
217-->[com.google.android.gms:play-services-auth:17.0.0] AndroidManifest.xml:36:13-107
218
219        <activity
219-->[com.google.android.gms:play-services-base:17.1.0] AndroidManifest.xml:23:9-26:75
220            android:name="com.google.android.gms.common.api.GoogleApiActivity"
220-->[com.google.android.gms:play-services-base:17.1.0] AndroidManifest.xml:24:13-79
221            android:exported="false"
221-->[com.google.android.gms:play-services-base:17.1.0] AndroidManifest.xml:25:13-37
222            android:theme="@android:style/Theme.Translucent.NoTitleBar" />
222-->[com.google.android.gms:play-services-base:17.1.0] AndroidManifest.xml:26:13-72
223
224        <receiver
224-->[com.google.android.gms:play-services-measurement:18.0.0] AndroidManifest.xml:29:9-33:20
225            android:name="com.google.android.gms.measurement.AppMeasurementReceiver"
225-->[com.google.android.gms:play-services-measurement:18.0.0] AndroidManifest.xml:30:13-85
226            android:enabled="true"
226-->[com.google.android.gms:play-services-measurement:18.0.0] AndroidManifest.xml:31:13-35
227            android:exported="false" >
227-->[com.google.android.gms:play-services-measurement:18.0.0] AndroidManifest.xml:32:13-37
228        </receiver>
229
230        <service
230-->[com.google.android.gms:play-services-measurement:18.0.0] AndroidManifest.xml:35:9-38:40
231            android:name="com.google.android.gms.measurement.AppMeasurementService"
231-->[com.google.android.gms:play-services-measurement:18.0.0] AndroidManifest.xml:36:13-84
232            android:enabled="true"
232-->[com.google.android.gms:play-services-measurement:18.0.0] AndroidManifest.xml:37:13-35
233            android:exported="false" />
233-->[com.google.android.gms:play-services-measurement:18.0.0] AndroidManifest.xml:38:13-37
234        <service
234-->[com.google.android.gms:play-services-measurement:18.0.0] AndroidManifest.xml:39:9-43:72
235            android:name="com.google.android.gms.measurement.AppMeasurementJobService"
235-->[com.google.android.gms:play-services-measurement:18.0.0] AndroidManifest.xml:40:13-87
236            android:enabled="true"
236-->[com.google.android.gms:play-services-measurement:18.0.0] AndroidManifest.xml:41:13-35
237            android:exported="false"
237-->[com.google.android.gms:play-services-measurement:18.0.0] AndroidManifest.xml:42:13-37
238            android:permission="android.permission.BIND_JOB_SERVICE" />
238-->[com.google.android.gms:play-services-measurement:18.0.0] AndroidManifest.xml:43:13-69
239
240        <provider
240-->[com.google.firebase:firebase-common:19.4.0] AndroidManifest.xml:26:9-31:39
241            android:name="com.google.firebase.provider.FirebaseInitProvider"
241-->[com.google.firebase:firebase-common:19.4.0] AndroidManifest.xml:27:13-77
242            android:authorities="com.example.multiplerestaurantsstaffapp.firebaseinitprovider"
242-->[com.google.firebase:firebase-common:19.4.0] AndroidManifest.xml:28:13-72
243            android:directBootAware="true"
243-->[com.google.firebase:firebase-common:19.4.0] AndroidManifest.xml:29:13-43
244            android:exported="false"
244-->[com.google.firebase:firebase-common:19.4.0] AndroidManifest.xml:30:13-37
245            android:initOrder="100" />
245-->[com.google.firebase:firebase-common:19.4.0] AndroidManifest.xml:31:13-36
246
247        <service
247-->[androidx.room:room-runtime:2.3.0-alpha03] AndroidManifest.xml:25:9-28:40
248            android:name="androidx.room.MultiInstanceInvalidationService"
248-->[androidx.room:room-runtime:2.3.0-alpha03] AndroidManifest.xml:26:13-74
249            android:directBootAware="true"
249-->[androidx.room:room-runtime:2.3.0-alpha03] AndroidManifest.xml:27:13-43
250            android:exported="false" />
250-->[androidx.room:room-runtime:2.3.0-alpha03] AndroidManifest.xml:28:13-37
251
252        <provider
252-->[androidx.lifecycle:lifecycle-process:2.1.0] AndroidManifest.xml:23:9-27:43
253            android:name="androidx.lifecycle.ProcessLifecycleOwnerInitializer"
253-->[androidx.lifecycle:lifecycle-process:2.1.0] AndroidManifest.xml:24:13-79
254            android:authorities="com.example.multiplerestaurantsstaffapp.lifecycle-process"
254-->[androidx.lifecycle:lifecycle-process:2.1.0] AndroidManifest.xml:25:13-69
255            android:exported="false"
255-->[androidx.lifecycle:lifecycle-process:2.1.0] AndroidManifest.xml:26:13-37
256            android:multiprocess="true" />
256-->[androidx.lifecycle:lifecycle-process:2.1.0] AndroidManifest.xml:27:13-40
257    </application>
258
259</manifest>